{"level":"info","message":"CREATE (n:User {createdDate: datetime(), id: \"2f7b738d-a9b6-4e8b-b902-f6ffcfce6a5d\", FirstName: \"TAM\", LastName: \"net\", IsActive: \"true\"})\n          RETURN n","service":"user-service"}
{"level":"info","message":"CREATE (n:User {createdDate: datetime(), id: \"acc06d83-dbcf-4851-b93e-11a7df76255e\", FirstName: \"TAM\", LastName: \"net\", IsActive: \"true\"})\n          RETURN n","service":"user-service"}
{"level":"info","message":"CREATE (n:User {createdDate: datetime(), id: \"1ed3b993-abb5-4125-883e-76e77b0eb4fc\", FirstName: \"TAM\", LastName: \"net\", IsActive: \"true\"})\n          RETURN n","service":"user-service"}
{"level":"info","message":"CREATE (n:User {createdDate: datetime(), id: \"7ce2aeed-5983-4eea-8cbf-025539323532\", FirstName: \"TAM\", LastName: \"net\", IsActive: \"true\"})\n          RETURN n","service":"user-service"}
{"level":"info","message":"CREATE (n:User {createdDate: datetime(), id: \"PDH5nvaLEucCzZq12pwtYFFUw3e2\", FirstName: \"TAM\", LastName: \"net\", IsActive: \"true\"})\n          RETURN n","service":"user-service"}
{"level":"info","message":"CREATE (n:User {createdDate: datetime(), id: \"PDH5nvaLEucCzZq12pwtYFFUw3e2\", FirstName: \"TAM\", LastName: \"net\", IsActive: \"true\"})\n          RETURN n","service":"user-service"}
{"level":"info","message":"CREATE (n:User {createdDate: datetime(), id: \"PDH5nvaLEucCzZq12pwtYFFUw3e2\", FirstName: \"TAM\", LastName: \"net\", IsActive: \"true\"})\n          RETURN n","service":"user-service"}
{"level":"info","message":"CREATE (n:User {createdDate: datetime(), id: \"PDH5nvaLEucCzZq12pwtYFFUw3e2\", FirstName: \"TAM\", LastName: \"net\", IsActive: \"true\"})\n          RETURN n","service":"user-service"}
{"level":"info","message":"CREATE (n:User {createdDate: datetime(), id: \"PDH5nvaLEucCzZq12pwtYFFUw3e2\", FirstName: \"TAM\", LastName: \"net\", IsActive: \"true\"})\n          RETURN n","service":"user-service"}
{"level":"info","message":"CREATE (n:User {createdDate: datetime(), id: \"u6pjxOtd0uYBWG0D7empkcMMO9E2\", FirstName: \"MOHAMMAD\", LastName: \" ABU SALH\", IsActive: \"true\"})\n          RETURN n","service":"user-service"}
{"level":"info","message":"CREATE (n:User {createdDate: datetime(), id: \"UJvMCHxOZsRuuciJVfyxEg1MD862\", FirstName: \"MOHAMMAD\", LastName: \" ABU SALH\", IsActive: \"true\"})\n          RETURN n","service":"user-service"}
{"level":"info","message":"CREATE (n:User {createdDate: datetime(), id: \"EG1Axj8L42fhGz3GamjRuliymyw2\", FirstName: \"TAM\", LastName: \" net\", IsActive: \"true\"})\n          RETURN n","service":"user-service"}
{"level":"info","message":"CREATE (n:User {createdDate: datetime(), id: \"PqdehVqR3ud2bvmcHIUCzMy38612\", FirstName: \"MOHAMMAD\", LastName: \" ABU SALH\", IsActive: \"true\"})\n          RETURN n","service":"user-service"}
{"level":"info","message":"CREATE (n:User {createdDate: datetime(), id: \"Oufn9AmsR7d5yL2DO74GxfmGfA93\", FirstName: \"Mohammad\", LastName: \" Abu Salh\", IsActive: \"true\"})\n          RETURN n","service":"user-service"}
{"level":"info","message":"CREATE (n:User {createdDate: datetime(), id: \"rNSBnR50xIPdfhV4VkPGRrfvssH3\", FirstName: \"MOHAMMAD\", LastName: \" ABU SALH\", IsActive: \"true\"})\n          RETURN n","service":"user-service"}
{"level":"info","message":"CREATE (n:User {createdDate: datetime(), id: \"1IkrD0rEDXOppv8DhbS2WmTR7RG3\", FirstName: \"TAM\", LastName: \" net\", IsActive: \"true\"})\n          RETURN n","service":"user-service"}
{"level":"info","message":"CREATE (n:User {createdDate: datetime(), id: \"SC0jUm8Uv8ShSV8Xil56CsBeIFj1\", FirstName: \"TAM\", LastName: \" net\", IsActive: \"true\"})\n          RETURN n","service":"user-service"}
{"level":"info","message":"CREATE (n:User {createdDate: datetime(), id: \"44b3IRYC5SWg57opQ3xol1TYGdk2\", FirstName: \"TAM\", LastName: \" net\", IsActive: \"true\"})\n          RETURN n","service":"user-service"}
{"level":"info","message":"CREATE (n:User {createdDate: datetime(), id: \"fGfsKi6v5FYwyIsTvLUcEyUXXgC3\", FirstName: \"TAM\", LastName: \" net\", IsActive: \"true\"})\n          RETURN n","service":"user-service"}
{"level":"info","message":"CREATE (n:User {createdDate: datetime(), id: \"KayDNf9N1We3ENyss4PncwNiY753\", FirstName: \"MOHAMMAD\", LastName: \" ABU SALH\", IsActive: \"true\"})\n          RETURN n","service":"user-service"}
{"level":"info","message":"CREATE (n:User {createdDate: datetime(), id: \"2YrWwaO2CQd6xqhoKIPbn6ddeq02\", FirstName: \"MOHAMMAD\", LastName: \" ABU SALH\", IsActive: \"true\"})\n          RETURN n","service":"user-service"}
