{"level":"info","message":"🚀 Server ready at http://localhost:3000","service":"user-service"}
{"level":"info","message":"🚀 Server ready at http://localhost:3000","service":"user-service"}
{"level":"info","message":"🚀 Server ready at http://localhost:3000","service":"user-service"}
{"level":"info","message":"🚀 Server ready at http://localhost:3000","service":"user-service"}
{"level":"error","message":"Mon Apr 01 2024 14:36:50 GMT+0200 (Eastern European Standard Time), in resolvers.js => addUserToTeam, Error: Are you send userId? userId is required, userId value is 0. please check userId value before send","service":"user-service"}
{"level":"info","message":"🚀 Server ready at http://localhost:3000","service":"user-service"}
{"level":"info","message":"🚀 Server ready at http://localhost:3000","service":"user-service"}
{"level":"info","message":"🚀 Server ready at http://localhost:3000","service":"user-service"}
{"level":"error","message":"Mon Apr 01 2024 14:40:21 GMT+0200 (Eastern European Standard Time), in resolvers.js => addUserToTeam, Neo4jError: Invalid input 'd': expected\r\n  \"(\"\r\n  \",\"\r\n  \"CALL\"\r\n  \"CREATE\"\r\n  \"DELETE\"\r\n  \"DETACH\"\r\n  \"FOREACH\"\r\n  \"LOAD\"\r\n  \"MATCH\"\r\n  \"MERGE\"\r\n  \"OPTIONAL\"\r\n  \"REMOVE\"\r\n  \"RETURN\"\r\n  \"SET\"\r\n  \"UNION\"\r\n  \"UNWIND\"\r\n  \"USE\"\r\n  \"WITH\"\r\n  <EOF> (line 6, column 43 (offset: 290))\r\n\"           CREATE (n) -[wr:WORK_ON] -> (p)d\"\r\n                                           ^","service":"user-service"}
{"level":"info","message":"🚀 Server ready at http://localhost:3000","service":"user-service"}
{"level":"error","message":"Mon Apr 01 2024 14:40:39 GMT+0200 (Eastern European Standard Time), in resolvers.js => addUserToTeam, Neo4jError: Invalid input 'd': expected\r\n  \"(\"\r\n  \",\"\r\n  \"CALL\"\r\n  \"CREATE\"\r\n  \"DELETE\"\r\n  \"DETACH\"\r\n  \"FOREACH\"\r\n  \"LOAD\"\r\n  \"MATCH\"\r\n  \"MERGE\"\r\n  \"OPTIONAL\"\r\n  \"REMOVE\"\r\n  \"RETURN\"\r\n  \"SET\"\r\n  \"UNION\"\r\n  \"UNWIND\"\r\n  \"USE\"\r\n  \"WITH\"\r\n  <EOF> (line 6, column 43 (offset: 290))\r\n\"           CREATE (n) -[wr:WORK_ON] -> (p)d\"\r\n                                           ^","service":"user-service"}
{"level":"info","message":"🚀 Server ready at http://localhost:3000","service":"user-service"}
{"level":"error","message":"Mon Apr 01 2024 14:41:18 GMT+0200 (Eastern European Standard Time), in resolvers.js => addUserToTeam, Neo4jError: Invalid input 'd': expected\r\n  \"(\"\r\n  \",\"\r\n  \"CALL\"\r\n  \"CREATE\"\r\n  \"DELETE\"\r\n  \"DETACH\"\r\n  \"FOREACH\"\r\n  \"LOAD\"\r\n  \"MATCH\"\r\n  \"MERGE\"\r\n  \"OPTIONAL\"\r\n  \"REMOVE\"\r\n  \"RETURN\"\r\n  \"SET\"\r\n  \"UNION\"\r\n  \"UNWIND\"\r\n  \"USE\"\r\n  \"WITH\"\r\n  <EOF> (line 6, column 43 (offset: 290))\r\n\"           CREATE (n) -[wr:WORK_ON] -> (p)d\"\r\n                                           ^","service":"user-service"}
{"level":"info","message":"🚀 Server ready at http://localhost:3000","service":"user-service"}
{"level":"info","message":"🚀 Server ready at http://localhost:3000","service":"user-service"}
{"level":"info","message":"🚀 Server ready at http://localhost:3000","service":"user-service"}
{"level":"error","message":"Mon Apr 01 2024 14:45:45 GMT+0200 (Eastern European Standard Time), in resolvers.js => addUserToTeam, Neo4jError: Invalid input 'WHERE': expected\r\n  \"(\"\r\n  \",\"\r\n  \"CALL\"\r\n  \"CREATE\"\r\n  \"DELETE\"\r\n  \"DETACH\"\r\n  \"FOREACH\"\r\n  \"LOAD\"\r\n  \"MATCH\"\r\n  \"MERGE\"\r\n  \"OPTIONAL\"\r\n  \"REMOVE\"\r\n  \"RETURN\"\r\n  \"SET\"\r\n  \"UNION\"\r\n  \"UNWIND\"\r\n  \"USE\"\r\n  \"WITH\"\r\n  <EOF> (line 2, column 12 (offset: 69))\r\n\"           WHERE ID(n) = $userId\"\r\n            ^","service":"user-service"}
{"level":"info","message":"🚀 Server ready at http://localhost:3000","service":"user-service"}
{"level":"error","message":"Mon Apr 01 2024 14:46:21 GMT+0200 (Eastern European Standard Time), in resolvers.js => addUserToTeam, Neo4jError: Invalid input 'WHERE': expected\r\n  \"(\"\r\n  \",\"\r\n  \"CALL\"\r\n  \"CREATE\"\r\n  \"DELETE\"\r\n  \"DETACH\"\r\n  \"FOREACH\"\r\n  \"LOAD\"\r\n  \"MATCH\"\r\n  \"MERGE\"\r\n  \"OPTIONAL\"\r\n  \"REMOVE\"\r\n  \"RETURN\"\r\n  \"SET\"\r\n  \"UNION\"\r\n  \"UNWIND\"\r\n  \"USE\"\r\n  \"WITH\"\r\n  <EOF> (line 2, column 12 (offset: 69))\r\n\"           WHERE ID(n) = $userId\"\r\n            ^","service":"user-service"}
{"level":"info","message":"🚀 Server ready at http://localhost:3000","service":"user-service"}
{"level":"error","message":"Mon Apr 01 2024 14:46:57 GMT+0200 (Eastern European Standard Time), in resolvers.js => addUserToTeam, Neo4jError: Invalid input 'WHERE': expected\r\n  \"(\"\r\n  \",\"\r\n  \"CALL\"\r\n  \"CREATE\"\r\n  \"DELETE\"\r\n  \"DETACH\"\r\n  \"FOREACH\"\r\n  \"LOAD\"\r\n  \"MATCH\"\r\n  \"MERGE\"\r\n  \"OPTIONAL\"\r\n  \"REMOVE\"\r\n  \"RETURN\"\r\n  \"SET\"\r\n  \"UNION\"\r\n  \"UNWIND\"\r\n  \"USE\"\r\n  \"WITH\"\r\n  <EOF> (line 2, column 12 (offset: 69))\r\n\"           WHERE ID(n) = $userId\"\r\n            ^","service":"user-service"}
{"level":"info","message":"🚀 Server ready at http://localhost:3000","service":"user-service"}
{"level":"error","message":"Mon Apr 01 2024 14:52:13 GMT+0200 (Eastern European Standard Time), in resolvers.js => addUserToTeam, Neo4jError: Invalid input 'WHERE': expected\r\n  \"(\"\r\n  \",\"\r\n  \"CALL\"\r\n  \"CREATE\"\r\n  \"DELETE\"\r\n  \"DETACH\"\r\n  \"FOREACH\"\r\n  \"LOAD\"\r\n  \"MATCH\"\r\n  \"MERGE\"\r\n  \"OPTIONAL\"\r\n  \"REMOVE\"\r\n  \"RETURN\"\r\n  \"SET\"\r\n  \"UNION\"\r\n  \"UNWIND\"\r\n  \"USE\"\r\n  \"WITH\"\r\n  <EOF> (line 2, column 12 (offset: 69))\r\n\"           WHERE ID(n) = $userId\"\r\n            ^","service":"user-service"}
{"level":"info","message":"🚀 Server ready at http://localhost:3000","service":"user-service"}
{"level":"info","message":"🚀 Server ready at http://localhost:3000","service":"user-service"}
{"level":"error","message":"Mon Apr 01 2024 14:52:34 GMT+0200 (Eastern European Standard Time), in resolvers.js => addUserToTeam, Neo4jError: Invalid input 'WHERE': expected\r\n  \"(\"\r\n  \",\"\r\n  \"CALL\"\r\n  \"CREATE\"\r\n  \"DELETE\"\r\n  \"DETACH\"\r\n  \"FOREACH\"\r\n  \"LOAD\"\r\n  \"MATCH\"\r\n  \"MERGE\"\r\n  \"OPTIONAL\"\r\n  \"REMOVE\"\r\n  \"RETURN\"\r\n  \"SET\"\r\n  \"UNION\"\r\n  \"UNWIND\"\r\n  \"USE\"\r\n  \"WITH\"\r\n  <EOF> (line 2, column 12 (offset: 69))\r\n\"           WHERE ID(n) = $userId\"\r\n            ^","service":"user-service"}
{"level":"info","message":"🚀 Server ready at http://localhost:3000","service":"user-service"}
{"level":"info","message":"🚀 Server ready at http://localhost:3000","service":"user-service"}
{"level":"error","message":"Mon Apr 01 2024 14:55:43 GMT+0200 (Eastern European Standard Time), in resolvers.js => addUserToTeam, Neo4jError: Invalid input 'WHERE': expected\r\n  \"(\"\r\n  \",\"\r\n  \"CALL\"\r\n  \"CREATE\"\r\n  \"DELETE\"\r\n  \"DETACH\"\r\n  \"FOREACH\"\r\n  \"LOAD\"\r\n  \"MATCH\"\r\n  \"MERGE\"\r\n  \"OPTIONAL\"\r\n  \"REMOVE\"\r\n  \"RETURN\"\r\n  \"SET\"\r\n  \"UNION\"\r\n  \"UNWIND\"\r\n  \"USE\"\r\n  \"WITH\"\r\n  <EOF> (line 2, column 12 (offset: 69))\r\n\"           WHERE ID(n) = $userId\"\r\n            ^","service":"user-service"}
{"level":"error","message":"Mon Apr 01 2024 14:55:44 GMT+0200 (Eastern European Standard Time), in resolvers.js => Messages, Error: ChatID is null","service":"user-service"}
{"level":"info","message":"🚀 Server ready at http://localhost:3000","service":"user-service"}
{"level":"error","message":"Mon Apr 01 2024 14:56:09 GMT+0200 (Eastern European Standard Time), in resolvers.js => addUserToTeam, Neo4jError: Invalid input 'WHERE': expected\r\n  \"(\"\r\n  \",\"\r\n  \"CALL\"\r\n  \"CREATE\"\r\n  \"DELETE\"\r\n  \"DETACH\"\r\n  \"FOREACH\"\r\n  \"LOAD\"\r\n  \"MATCH\"\r\n  \"MERGE\"\r\n  \"OPTIONAL\"\r\n  \"REMOVE\"\r\n  \"RETURN\"\r\n  \"SET\"\r\n  \"UNION\"\r\n  \"UNWIND\"\r\n  \"USE\"\r\n  \"WITH\"\r\n  <EOF> (line 2, column 12 (offset: 69))\r\n\"           WHERE ID(n) = $userId\"\r\n            ^","service":"user-service"}
{"level":"info","message":"🚀 Server ready at http://localhost:3000","service":"user-service"}
{"level":"info","message":"🚀 Server ready at http://localhost:3000","service":"user-service"}
{"level":"info","message":"🚀 Server ready at http://localhost:3000","service":"user-service"}
{"level":"info","message":"🚀 Server ready at http://localhost:3000","service":"user-service"}
{"level":"info","message":"🚀 Server ready at http://localhost:3000","service":"user-service"}
{"level":"info","message":"🚀 Server ready at http://localhost:3000","service":"user-service"}
{"level":"error","message":"Mon Apr 01 2024 15:04:48 GMT+0200 (Eastern European Standard Time), in resolvers.js => addUserToTeam, Neo4jError: Variable `t` not defined (line 5, column 19 (offset: 153))\r\n\"           RETURN t,n,p,c\"\r\n                   ^","service":"user-service"}
{"level":"info","message":"🚀 Server ready at http://localhost:3000","service":"user-service"}
{"level":"info","message":"🚀 Server ready at http://localhost:3000","service":"user-service"}
{"level":"info","message":"🚀 Server ready at http://localhost:3000","service":"user-service"}
{"level":"info","message":"🚀 Server ready at http://localhost:3000","service":"user-service"}
{"level":"info","message":"🚀 Server ready at http://localhost:3000","service":"user-service"}
{"level":"error","message":"Mon Apr 01 2024 15:15:02 GMT+0200 (Eastern European Standard Time), in resolvers.js => addUserToTeam, TypeError: Cannot read properties of undefined (reading 'get')","service":"user-service"}
{"level":"info","message":"🚀 Server ready at http://localhost:3000","service":"user-service"}
{"level":"error","message":"Mon Apr 01 2024 15:15:39 GMT+0200 (Eastern European Standard Time), in resolvers.js => addUserToTeam, TypeError: Cannot read properties of undefined (reading 'get')","service":"user-service"}
{"level":"info","message":"🚀 Server ready at http://localhost:3000","service":"user-service"}
{"level":"error","message":"Mon Apr 01 2024 15:16:30 GMT+0200 (Eastern European Standard Time), in resolvers.js => addUserToTeam, TypeError: Cannot read properties of undefined (reading 'get')","service":"user-service"}
{"level":"info","message":"🚀 Server ready at http://localhost:3000","service":"user-service"}
{"level":"info","message":"🚀 Server ready at http://localhost:3000","service":"user-service"}
{"level":"error","message":"Mon Apr 01 2024 19:43:51 GMT+0200 (Eastern European Standard Time), in resolvers.js => addUserToTeam, Error: Are you send userId? userId is required, userId value is 0. please check userId value before send","service":"user-service"}
{"level":"error","message":"Mon Apr 01 2024 19:43:52 GMT+0200 (Eastern European Standard Time), in resolvers.js => createNewSocialMediaLink, Error: Are you send userId? userId is required, userId value is 0. please check userId value before send","service":"user-service"}
{"level":"error","message":"Mon Apr 01 2024 19:43:52 GMT+0200 (Eastern European Standard Time), in resolvers.js => createTaskForUser, Error: Are you send userId? userId is required, userId value is 0. please check userId value before send","service":"user-service"}
{"level":"error","message":"Mon Apr 01 2024 19:43:52 GMT+0200 (Eastern European Standard Time), in resolvers.js => createTaskForTeam, Error: Are you send userId? userId is required, userId value is 0. please check userId value before send","service":"user-service"}
{"level":"error","message":"Mon Apr 01 2024 19:43:52 GMT+0200 (Eastern European Standard Time), in resolvers.js => createTaskStep, Error: Are you send taskId? taskId is required, taskId value is 0. please check taskId value before send","service":"user-service"}
{"level":"error","message":"Mon Apr 01 2024 19:43:52 GMT+0200 (Eastern European Standard Time), in resolvers.js => createEducation, Error: Are you send userId? userId is required, userId value is 0. please check userId value before send","service":"user-service"}
{"level":"error","message":"Mon Apr 01 2024 19:43:52 GMT+0200 (Eastern European Standard Time), in resolvers.js => applyToPost, Error: Are you send userId? userId is required, userId value is 0. please check userId value before send","service":"user-service"}
{"level":"error","message":"Mon Apr 01 2024 19:43:52 GMT+0200 (Eastern European Standard Time), in resolvers.js => filterMyCompanies, Error: Are you send userId? userId is required, userId value is 0. please check userId value before send","service":"user-service"}
{"level":"error","message":"Mon Apr 01 2024 19:43:52 GMT+0200 (Eastern European Standard Time), in resolvers.js => searchInMyCompanies, Error: Are you send userId? userId is required, userId value is 0. please check userId value before send","service":"user-service"}
{"level":"error","message":"Mon Apr 01 2024 19:43:52 GMT+0200 (Eastern European Standard Time), in resolvers.js => filterWorksCompanies, Error: Are you send userId? userId is required, userId value is 0. please check userId value before send","service":"user-service"}
{"level":"error","message":"Mon Apr 01 2024 19:43:52 GMT+0200 (Eastern European Standard Time), in resolvers.js => searchInWorksCompanies, Error: Are you send userId? userId is required, userId value is 0. please check userId value before send","service":"user-service"}
{"level":"error","message":"Mon Apr 01 2024 19:43:52 GMT+0200 (Eastern European Standard Time), in resolvers.js => getProfileStatistics, Error: Are you send userId? userId is required, userId value is 0. please check userId value before send","service":"user-service"}
{"level":"error","message":"Mon Apr 01 2024 19:43:52 GMT+0200 (Eastern European Standard Time), in resolvers.js => getUser, Error: Are you send userId? UserID is required, userId value is 0. please check userId value before send","service":"user-service"}
{"level":"error","message":"Mon Apr 01 2024 19:43:53 GMT+0200 (Eastern European Standard Time), in resolvers.js => updateUser, Error: UserID is required","service":"user-service"}
{"level":"error","message":"Mon Apr 01 2024 19:43:53 GMT+0200 (Eastern European Standard Time), in resolvers.js => updateTaskStep, Error: Are you send taskStepId? taskStepId is required, taskStepId value is 0. please check taskStepId value before send","service":"user-service"}
{"level":"error","message":"Mon Apr 01 2024 19:43:53 GMT+0200 (Eastern European Standard Time), in resolvers.js => updateEducation, Error: Are you send educationId? educationId is required, educationId value is 0. please check educationId value before send","service":"user-service"}
{"level":"info","message":"🚀 Server ready at http://localhost:3000","service":"user-service"}
{"level":"error","message":"Mon Apr 01 2024 19:44:08 GMT+0200 (Eastern European Standard Time), in resolvers.js => addUserToTeam, TypeError: Cannot read properties of undefined (reading 'get')","service":"user-service"}
{"level":"info","message":"🚀 Server ready at http://localhost:3000","service":"user-service"}
{"level":"error","message":"Mon Apr 01 2024 19:44:28 GMT+0200 (Eastern European Standard Time), in resolvers.js => addUserToTeam, TypeError: Cannot read properties of undefined (reading 'get')","service":"user-service"}
{"level":"info","message":"🚀 Server ready at http://localhost:3000","service":"user-service"}
{"level":"info","message":"🚀 Server ready at http://localhost:3000","service":"user-service"}
{"level":"info","message":"🚀 Server ready at http://localhost:3000","service":"user-service"}
{"level":"error","message":"Mon Apr 01 2024 19:47:46 GMT+0200 (Eastern European Standard Time), in resolvers.js => addUserToTeam, TypeError: Cannot read properties of undefined (reading 'get')","service":"user-service"}
{"level":"info","message":"🚀 Server ready at http://localhost:3000","service":"user-service"}
{"level":"error","message":"Mon Apr 01 2024 19:49:38 GMT+0200 (Eastern European Standard Time), in resolvers.js => addUserToTeam, TypeError: Cannot read properties of undefined (reading 'get')","service":"user-service"}
{"level":"info","message":"🚀 Server ready at http://localhost:3000","service":"user-service"}
{"level":"error","message":"Mon Apr 01 2024 19:50:30 GMT+0200 (Eastern European Standard Time), in resolvers.js => addUserToTeam, TypeError: Cannot read properties of undefined (reading 'get')","service":"user-service"}
{"level":"error","message":"Mon Apr 01 2024 19:50:40 GMT+0200 (Eastern European Standard Time), in resolvers.js => addUserToTeam, TypeError: Cannot read properties of undefined (reading 'get')","service":"user-service"}
{"level":"info","message":"🚀 Server ready at http://localhost:3000","service":"user-service"}
{"level":"error","message":"Mon Apr 01 2024 19:51:27 GMT+0200 (Eastern European Standard Time), in resolvers.js => addUserToTeam, TypeError: Cannot read properties of undefined (reading 'get')","service":"user-service"}
{"level":"info","message":"🚀 Server ready at http://localhost:3000","service":"user-service"}
{"level":"error","message":"Mon Apr 01 2024 19:52:10 GMT+0200 (Eastern European Standard Time), in resolvers.js => addUserToTeam, TypeError: Cannot read properties of undefined (reading 'get')","service":"user-service"}
{"level":"info","message":"🚀 Server ready at http://localhost:3000","service":"user-service"}
{"level":"error","message":"Mon Apr 01 2024 19:52:19 GMT+0200 (Eastern European Standard Time), in resolvers.js => addUserToTeam, TypeError: Cannot read properties of undefined (reading 'get')","service":"user-service"}
{"level":"info","message":"🚀 Server ready at http://localhost:3000","service":"user-service"}
{"level":"error","message":"Mon Apr 01 2024 19:52:34 GMT+0200 (Eastern European Standard Time), in resolvers.js => addUserToTeam, TypeError: Cannot read properties of undefined (reading 'get')","service":"user-service"}
{"level":"info","message":"🚀 Server ready at http://localhost:3000","service":"user-service"}
{"level":"info","message":"🚀 Server ready at http://localhost:3000","service":"user-service"}
{"level":"info","message":"🚀 Server ready at http://localhost:3000","service":"user-service"}
{"level":"info","message":"🚀 Server ready at http://localhost:3000","service":"user-service"}
{"level":"info","message":"🚀 Server ready at http://localhost:3000","service":"user-service"}
{"level":"info","message":"🚀 Server ready at http://localhost:3000","service":"user-service"}
{"level":"info","message":"🚀 Server ready at http://localhost:3000","service":"user-service"}
{"level":"error","message":"Mon Apr 01 2024 20:06:19 GMT+0200 (Eastern European Standard Time), in resolvers.js => WorkCompanies, Neo4jError: Variable `companies` not defined (line 5, column 19 (offset: 160))\r\n\"           RETURN companies\"\r\n                   ^","service":"user-service"}
{"level":"error","message":"Mon Apr 01 2024 20:06:55 GMT+0200 (Eastern European Standard Time), in resolvers.js => WorkCompanies, Neo4jError: Variable `companies` not defined (line 5, column 19 (offset: 160))\r\n\"           RETURN companies\"\r\n                   ^","service":"user-service"}
{"level":"info","message":"🚀 Server ready at http://localhost:3000","service":"user-service"}
{"level":"error","message":"Mon Apr 01 2024 20:07:16 GMT+0200 (Eastern European Standard Time), in resolvers.js => WorkCompanies, Neo4jError: This record has no field with key 'companies', available key are: [c].","service":"user-service"}
{"level":"error","message":"Mon Apr 01 2024 20:07:28 GMT+0200 (Eastern European Standard Time), in resolvers.js => WorkCompanies, Neo4jError: This record has no field with key 'companies', available key are: [c].","service":"user-service"}
{"level":"info","message":"🚀 Server ready at http://localhost:3000","service":"user-service"}
{"level":"info","message":"🚀 Server ready at http://localhost:3000","service":"user-service"}
{"level":"info","message":"🚀 Server ready at http://localhost:3000","service":"user-service"}
{"level":"error","message":"Mon Apr 01 2024 20:12:24 GMT+0200 (Eastern European Standard Time), in resolvers.js => getTeam, TypeError: team.properties is not a function","service":"user-service"}
{"level":"error","message":"Mon Apr 01 2024 20:12:25 GMT+0200 (Eastern European Standard Time), in resolvers.js => Tasks, Error: NoteID is null","service":"user-service"}
{"level":"error","message":"Mon Apr 01 2024 20:12:25 GMT+0200 (Eastern European Standard Time), in resolvers.js => Tasks, Error: NoteID is null","service":"user-service"}
{"level":"error","message":"Mon Apr 01 2024 20:12:25 GMT+0200 (Eastern European Standard Time), in resolvers.js => Tasks, Error: NoteID is null","service":"user-service"}
{"level":"error","message":"Mon Apr 01 2024 20:12:25 GMT+0200 (Eastern European Standard Time), in resolvers.js => Tasks, Error: NoteID is null","service":"user-service"}
{"level":"error","message":"Mon Apr 01 2024 20:12:25 GMT+0200 (Eastern European Standard Time), in resolvers.js => Tasks, Error: NoteID is null","service":"user-service"}
{"level":"error","message":"Mon Apr 01 2024 20:12:25 GMT+0200 (Eastern European Standard Time), in resolvers.js => Tasks, Error: NoteID is null","service":"user-service"}
{"level":"error","message":"Mon Apr 01 2024 20:12:25 GMT+0200 (Eastern European Standard Time), in resolvers.js => Tasks, Error: NoteID is null","service":"user-service"}
{"level":"error","message":"Mon Apr 01 2024 20:12:25 GMT+0200 (Eastern European Standard Time), in resolvers.js => searchInProjects, Neo4jError: Invalid input 'WHERE': expected\r\n  \"!=\"\r\n  \"%\"\r\n  \"*\"\r\n  \"+\"\r\n  \"-\"\r\n  \"/\"\r\n  \"<\"\r\n  \"<=\"\r\n  \"<>\"\r\n  \"=\"\r\n  \">\"\r\n  \">=\"\r\n  \"AND\"\r\n  \"CALL\"\r\n  \"CREATE\"\r\n  \"DELETE\"\r\n  \"DETACH\"\r\n  \"FOREACH\"\r\n  \"LOAD\"\r\n  \"MATCH\"\r\n  \"MERGE\"\r\n  \"OPTIONAL\"\r\n  \"OR\"\r\n  \"REMOVE\"\r\n  \"RETURN\"\r\n  \"SET\"\r\n  \"UNION\"\r\n  \"UNWIND\"\r\n  \"USE\"\r\n  \"WITH\"\r\n  \"XOR\"\r\n  \"^\"\r\n  <EOF> (line 3, column 13 (offset: 79))\r\n\"            WHERE p.ProjectDescription CONTAINS $word\"\r\n             ^","service":"user-service"}
{"level":"info","message":"🚀 Server ready at http://localhost:3000","service":"user-service"}
{"level":"error","message":"Mon Apr 01 2024 20:13:37 GMT+0200 (Eastern European Standard Time), in resolvers.js => getTeam, TypeError: team.properties is not a function","service":"user-service"}
{"level":"error","message":"Mon Apr 01 2024 20:13:37 GMT+0200 (Eastern European Standard Time), in resolvers.js => Tasks, Error: NoteID is null","service":"user-service"}
{"level":"error","message":"Mon Apr 01 2024 20:13:37 GMT+0200 (Eastern European Standard Time), in resolvers.js => Tasks, Error: NoteID is null","service":"user-service"}
{"level":"error","message":"Mon Apr 01 2024 20:13:37 GMT+0200 (Eastern European Standard Time), in resolvers.js => Tasks, Error: NoteID is null","service":"user-service"}
{"level":"error","message":"Mon Apr 01 2024 20:13:37 GMT+0200 (Eastern European Standard Time), in resolvers.js => Tasks, Error: NoteID is null","service":"user-service"}
{"level":"error","message":"Mon Apr 01 2024 20:13:37 GMT+0200 (Eastern European Standard Time), in resolvers.js => Tasks, Error: NoteID is null","service":"user-service"}
{"level":"error","message":"Mon Apr 01 2024 20:13:37 GMT+0200 (Eastern European Standard Time), in resolvers.js => Tasks, Error: NoteID is null","service":"user-service"}
{"level":"error","message":"Mon Apr 01 2024 20:13:37 GMT+0200 (Eastern European Standard Time), in resolvers.js => Tasks, Error: NoteID is null","service":"user-service"}
{"level":"error","message":"Mon Apr 01 2024 20:13:37 GMT+0200 (Eastern European Standard Time), in resolvers.js => searchInProjects, Neo4jError: Invalid input 'WHERE': expected\r\n  \"!=\"\r\n  \"%\"\r\n  \"*\"\r\n  \"+\"\r\n  \"-\"\r\n  \"/\"\r\n  \"<\"\r\n  \"<=\"\r\n  \"<>\"\r\n  \"=\"\r\n  \">\"\r\n  \">=\"\r\n  \"AND\"\r\n  \"CALL\"\r\n  \"CREATE\"\r\n  \"DELETE\"\r\n  \"DETACH\"\r\n  \"FOREACH\"\r\n  \"LOAD\"\r\n  \"MATCH\"\r\n  \"MERGE\"\r\n  \"OPTIONAL\"\r\n  \"OR\"\r\n  \"REMOVE\"\r\n  \"RETURN\"\r\n  \"SET\"\r\n  \"UNION\"\r\n  \"UNWIND\"\r\n  \"USE\"\r\n  \"WITH\"\r\n  \"XOR\"\r\n  \"^\"\r\n  <EOF> (line 3, column 13 (offset: 79))\r\n\"            WHERE p.ProjectDescription CONTAINS $word\"\r\n             ^","service":"user-service"}
{"level":"error","message":"Mon Apr 01 2024 20:13:51 GMT+0200 (Eastern European Standard Time), in resolvers.js => getTeam, TypeError: team.properties is not a function","service":"user-service"}
{"level":"info","message":"🚀 Server ready at http://localhost:3000","service":"user-service"}
{"level":"info","message":"🚀 Server ready at http://localhost:3000","service":"user-service"}
{"level":"info","message":"🚀 Server ready at http://localhost:3000","service":"user-service"}
{"level":"error","message":"Mon Apr 01 2024 20:15:27 GMT+0200 (Eastern European Standard Time), in resolvers.js => Tasks, Error: NoteID is null","service":"user-service"}
{"level":"error","message":"Mon Apr 01 2024 20:15:27 GMT+0200 (Eastern European Standard Time), in resolvers.js => Tasks, Error: NoteID is null","service":"user-service"}
{"level":"error","message":"Mon Apr 01 2024 20:15:27 GMT+0200 (Eastern European Standard Time), in resolvers.js => Tasks, Error: NoteID is null","service":"user-service"}
{"level":"error","message":"Mon Apr 01 2024 20:15:27 GMT+0200 (Eastern European Standard Time), in resolvers.js => Tasks, Error: NoteID is null","service":"user-service"}
{"level":"error","message":"Mon Apr 01 2024 20:15:27 GMT+0200 (Eastern European Standard Time), in resolvers.js => Tasks, Error: NoteID is null","service":"user-service"}
{"level":"error","message":"Mon Apr 01 2024 20:15:27 GMT+0200 (Eastern European Standard Time), in resolvers.js => Tasks, Error: NoteID is null","service":"user-service"}
{"level":"error","message":"Mon Apr 01 2024 20:15:27 GMT+0200 (Eastern European Standard Time), in resolvers.js => Tasks, Error: NoteID is null","service":"user-service"}
{"level":"error","message":"Mon Apr 01 2024 20:15:27 GMT+0200 (Eastern European Standard Time), in resolvers.js => searchInProjects, Neo4jError: Invalid input 'WHERE': expected\r\n  \"!=\"\r\n  \"%\"\r\n  \"*\"\r\n  \"+\"\r\n  \"-\"\r\n  \"/\"\r\n  \"<\"\r\n  \"<=\"\r\n  \"<>\"\r\n  \"=\"\r\n  \">\"\r\n  \">=\"\r\n  \"AND\"\r\n  \"CALL\"\r\n  \"CREATE\"\r\n  \"DELETE\"\r\n  \"DETACH\"\r\n  \"FOREACH\"\r\n  \"LOAD\"\r\n  \"MATCH\"\r\n  \"MERGE\"\r\n  \"OPTIONAL\"\r\n  \"OR\"\r\n  \"REMOVE\"\r\n  \"RETURN\"\r\n  \"SET\"\r\n  \"UNION\"\r\n  \"UNWIND\"\r\n  \"USE\"\r\n  \"WITH\"\r\n  \"XOR\"\r\n  \"^\"\r\n  <EOF> (line 3, column 13 (offset: 79))\r\n\"            WHERE p.ProjectDescription CONTAINS $word\"\r\n             ^","service":"user-service"}
{"level":"info","message":"🚀 Server ready at http://localhost:3000","service":"user-service"}
{"level":"error","message":"Mon Apr 01 2024 20:16:15 GMT+0200 (Eastern European Standard Time), in resolvers.js => Tasks, Error: NoteID is null","service":"user-service"}
{"level":"error","message":"Mon Apr 01 2024 20:16:15 GMT+0200 (Eastern European Standard Time), in resolvers.js => Tasks, Error: NoteID is null","service":"user-service"}
{"level":"error","message":"Mon Apr 01 2024 20:16:15 GMT+0200 (Eastern European Standard Time), in resolvers.js => searchInProjects, Neo4jError: Invalid input 'WHERE': expected\r\n  \"!=\"\r\n  \"%\"\r\n  \"*\"\r\n  \"+\"\r\n  \"-\"\r\n  \"/\"\r\n  \"<\"\r\n  \"<=\"\r\n  \"<>\"\r\n  \"=\"\r\n  \">\"\r\n  \">=\"\r\n  \"AND\"\r\n  \"CALL\"\r\n  \"CREATE\"\r\n  \"DELETE\"\r\n  \"DETACH\"\r\n  \"FOREACH\"\r\n  \"LOAD\"\r\n  \"MATCH\"\r\n  \"MERGE\"\r\n  \"OPTIONAL\"\r\n  \"OR\"\r\n  \"REMOVE\"\r\n  \"RETURN\"\r\n  \"SET\"\r\n  \"UNION\"\r\n  \"UNWIND\"\r\n  \"USE\"\r\n  \"WITH\"\r\n  \"XOR\"\r\n  \"^\"\r\n  <EOF> (line 3, column 13 (offset: 79))\r\n\"            WHERE p.ProjectDescription CONTAINS $word\"\r\n             ^","service":"user-service"}
{"level":"info","message":"🚀 Server ready at http://localhost:3000","service":"user-service"}
{"level":"info","message":"🚀 Server ready at http://localhost:3000","service":"user-service"}
{"level":"info","message":"🚀 Server ready at http://localhost:3000","service":"user-service"}
{"level":"info","message":"🚀 Server ready at http://localhost:3000","service":"user-service"}
{"level":"error","message":"Mon Apr 01 2024 20:18:51 GMT+0200 (Eastern European Standard Time), in resolvers.js => Tasks, TypeError: Cannot read properties of undefined (reading 'get')","service":"user-service"}
{"level":"info","message":"🚀 Server ready at http://localhost:3000","service":"user-service"}
{"level":"info","message":"🚀 Server ready at http://localhost:3000","service":"user-service"}
{"level":"info","message":"🚀 Server ready at http://localhost:3000","service":"user-service"}
{"level":"info","message":"🚀 Server ready at http://localhost:3000","service":"user-service"}
{"level":"info","message":"🚀 Server ready at http://localhost:3000","service":"user-service"}
{"level":"info","message":"🚀 Server ready at http://localhost:3000","service":"user-service"}
{"level":"info","message":"🚀 Server ready at http://localhost:3000","service":"user-service"}
{"level":"info","message":"🚀 Server ready at http://localhost:3000","service":"user-service"}
{"level":"info","message":"🚀 Server ready at http://localhost:3000","service":"user-service"}
{"level":"info","message":"🚀 Server ready at http://localhost:3000","service":"user-service"}
{"level":"error","message":"Mon Apr 01 2024 20:21:51 GMT+0200 (Eastern European Standard Time), in resolvers.js => Tasks, Error: NoteID is null","service":"user-service"}
{"level":"error","message":"Mon Apr 01 2024 20:21:51 GMT+0200 (Eastern European Standard Time), in resolvers.js => Tasks, Error: NoteID is null","service":"user-service"}
{"level":"error","message":"Mon Apr 01 2024 20:21:51 GMT+0200 (Eastern European Standard Time), in resolvers.js => Tasks, Error: NoteID is null","service":"user-service"}
{"level":"error","message":"Mon Apr 01 2024 20:21:51 GMT+0200 (Eastern European Standard Time), in resolvers.js => searchInProjects, Neo4jError: Invalid input 'WHERE': expected\r\n  \"!=\"\r\n  \"%\"\r\n  \"*\"\r\n  \"+\"\r\n  \"-\"\r\n  \"/\"\r\n  \"<\"\r\n  \"<=\"\r\n  \"<>\"\r\n  \"=\"\r\n  \">\"\r\n  \">=\"\r\n  \"AND\"\r\n  \"CALL\"\r\n  \"CREATE\"\r\n  \"DELETE\"\r\n  \"DETACH\"\r\n  \"FOREACH\"\r\n  \"LOAD\"\r\n  \"MATCH\"\r\n  \"MERGE\"\r\n  \"OPTIONAL\"\r\n  \"OR\"\r\n  \"REMOVE\"\r\n  \"RETURN\"\r\n  \"SET\"\r\n  \"UNION\"\r\n  \"UNWIND\"\r\n  \"USE\"\r\n  \"WITH\"\r\n  \"XOR\"\r\n  \"^\"\r\n  <EOF> (line 3, column 13 (offset: 79))\r\n\"            WHERE p.ProjectDescription CONTAINS $word\"\r\n             ^","service":"user-service"}
{"level":"info","message":"🚀 Server ready at http://localhost:3000","service":"user-service"}
{"level":"error","message":"Mon Apr 01 2024 20:22:46 GMT+0200 (Eastern European Standard Time), in resolvers.js => Tasks, Error: NoteID is null","service":"user-service"}
{"level":"error","message":"Mon Apr 01 2024 20:22:46 GMT+0200 (Eastern European Standard Time), in resolvers.js => Tasks, Error: NoteID is null","service":"user-service"}
{"level":"error","message":"Mon Apr 01 2024 20:22:46 GMT+0200 (Eastern European Standard Time), in resolvers.js => Tasks, Error: NoteID is null","service":"user-service"}
{"level":"error","message":"Mon Apr 01 2024 20:22:46 GMT+0200 (Eastern European Standard Time), in resolvers.js => Tasks, Error: NoteID is null","service":"user-service"}
{"level":"error","message":"Mon Apr 01 2024 20:22:46 GMT+0200 (Eastern European Standard Time), in resolvers.js => searchInProjects, Neo4jError: Invalid input 'WHERE': expected\r\n  \"!=\"\r\n  \"%\"\r\n  \"*\"\r\n  \"+\"\r\n  \"-\"\r\n  \"/\"\r\n  \"<\"\r\n  \"<=\"\r\n  \"<>\"\r\n  \"=\"\r\n  \">\"\r\n  \">=\"\r\n  \"AND\"\r\n  \"CALL\"\r\n  \"CREATE\"\r\n  \"DELETE\"\r\n  \"DETACH\"\r\n  \"FOREACH\"\r\n  \"LOAD\"\r\n  \"MATCH\"\r\n  \"MERGE\"\r\n  \"OPTIONAL\"\r\n  \"OR\"\r\n  \"REMOVE\"\r\n  \"RETURN\"\r\n  \"SET\"\r\n  \"UNION\"\r\n  \"UNWIND\"\r\n  \"USE\"\r\n  \"WITH\"\r\n  \"XOR\"\r\n  \"^\"\r\n  <EOF> (line 3, column 13 (offset: 79))\r\n\"            WHERE p.ProjectDescription CONTAINS $word\"\r\n             ^","service":"user-service"}
{"level":"info","message":"🚀 Server ready at http://localhost:3000","service":"user-service"}
{"level":"error","message":"Mon Apr 01 2024 20:23:55 GMT+0200 (Eastern European Standard Time), in resolvers.js => Tasks, Error: NoteID is null","service":"user-service"}
{"level":"error","message":"Mon Apr 01 2024 20:23:55 GMT+0200 (Eastern European Standard Time), in resolvers.js => Tasks, Error: NoteID is null","service":"user-service"}
{"level":"error","message":"Mon Apr 01 2024 20:23:55 GMT+0200 (Eastern European Standard Time), in resolvers.js => searchInProjects, Neo4jError: Invalid input 'WHERE': expected\r\n  \"!=\"\r\n  \"%\"\r\n  \"*\"\r\n  \"+\"\r\n  \"-\"\r\n  \"/\"\r\n  \"<\"\r\n  \"<=\"\r\n  \"<>\"\r\n  \"=\"\r\n  \">\"\r\n  \">=\"\r\n  \"AND\"\r\n  \"CALL\"\r\n  \"CREATE\"\r\n  \"DELETE\"\r\n  \"DETACH\"\r\n  \"FOREACH\"\r\n  \"LOAD\"\r\n  \"MATCH\"\r\n  \"MERGE\"\r\n  \"OPTIONAL\"\r\n  \"OR\"\r\n  \"REMOVE\"\r\n  \"RETURN\"\r\n  \"SET\"\r\n  \"UNION\"\r\n  \"UNWIND\"\r\n  \"USE\"\r\n  \"WITH\"\r\n  \"XOR\"\r\n  \"^\"\r\n  <EOF> (line 3, column 13 (offset: 79))\r\n\"            WHERE p.ProjectDescription CONTAINS $word\"\r\n             ^","service":"user-service"}
{"level":"error","message":"Mon Apr 01 2024 20:24:37 GMT+0200 (Eastern European Standard Time), in resolvers.js => Tasks, Error: NoteID is null","service":"user-service"}
{"level":"info","message":"🚀 Server ready at http://localhost:3000","service":"user-service"}
{"level":"error","message":"Mon Apr 01 2024 20:26:20 GMT+0200 (Eastern European Standard Time), in resolvers.js => searchInProjects, Neo4jError: Invalid input 'WHERE': expected\r\n  \"!=\"\r\n  \"%\"\r\n  \"*\"\r\n  \"+\"\r\n  \"-\"\r\n  \"/\"\r\n  \"<\"\r\n  \"<=\"\r\n  \"<>\"\r\n  \"=\"\r\n  \">\"\r\n  \">=\"\r\n  \"AND\"\r\n  \"CALL\"\r\n  \"CREATE\"\r\n  \"DELETE\"\r\n  \"DETACH\"\r\n  \"FOREACH\"\r\n  \"LOAD\"\r\n  \"MATCH\"\r\n  \"MERGE\"\r\n  \"OPTIONAL\"\r\n  \"OR\"\r\n  \"REMOVE\"\r\n  \"RETURN\"\r\n  \"SET\"\r\n  \"UNION\"\r\n  \"UNWIND\"\r\n  \"USE\"\r\n  \"WITH\"\r\n  \"XOR\"\r\n  \"^\"\r\n  <EOF> (line 3, column 13 (offset: 79))\r\n\"            WHERE p.ProjectDescription CONTAINS $word\"\r\n             ^","service":"user-service"}
{"level":"error","message":"Mon Apr 01 2024 20:27:40 GMT+0200 (Eastern European Standard Time), in resolvers.js => searchInProjects, Neo4jError: Invalid input 'WHERE': expected\r\n  \"!=\"\r\n  \"%\"\r\n  \"*\"\r\n  \"+\"\r\n  \"-\"\r\n  \"/\"\r\n  \"<\"\r\n  \"<=\"\r\n  \"<>\"\r\n  \"=\"\r\n  \">\"\r\n  \">=\"\r\n  \"AND\"\r\n  \"CALL\"\r\n  \"CREATE\"\r\n  \"DELETE\"\r\n  \"DETACH\"\r\n  \"FOREACH\"\r\n  \"LOAD\"\r\n  \"MATCH\"\r\n  \"MERGE\"\r\n  \"OPTIONAL\"\r\n  \"OR\"\r\n  \"REMOVE\"\r\n  \"RETURN\"\r\n  \"SET\"\r\n  \"UNION\"\r\n  \"UNWIND\"\r\n  \"USE\"\r\n  \"WITH\"\r\n  \"XOR\"\r\n  \"^\"\r\n  <EOF> (line 3, column 13 (offset: 79))\r\n\"            WHERE p.ProjectDescription CONTAINS $word\"\r\n             ^","service":"user-service"}
{"level":"info","message":"🚀 Server ready at http://localhost:3000","service":"user-service"}
{"level":"info","message":"🚀 Server ready at http://localhost:3000","service":"user-service"}
{"level":"info","message":"🚀 Server ready at http://localhost:3000","service":"user-service"}
{"level":"info","message":"🚀 Server ready at http://localhost:3000","service":"user-service"}
{"level":"info","message":"🚀 Server ready at http://localhost:3000","service":"user-service"}
{"level":"info","message":"🚀 Server ready at http://localhost:3000","service":"user-service"}
{"level":"error","message":"Mon Apr 01 2024 20:51:29 GMT+0200 (Eastern European Standard Time), in resolvers.js => Comments, Neo4jError: Expected parameter(s): companyId","service":"user-service"}
{"level":"error","message":"Mon Apr 01 2024 20:51:31 GMT+0200 (Eastern European Standard Time), in resolvers.js => Comments, Neo4jError: Expected parameter(s): companyId","service":"user-service"}
{"level":"info","message":"🚀 Server ready at http://localhost:3000","service":"user-service"}
{"level":"error","message":"Mon Apr 01 2024 20:52:45 GMT+0200 (Eastern European Standard Time), in resolvers.js => Comments, Neo4jError: Expected parameter(s): companyId","service":"user-service"}
{"level":"info","message":"🚀 Server ready at http://localhost:3000","service":"user-service"}
{"level":"info","message":"🚀 Server ready at http://localhost:3000","service":"user-service"}
{"level":"info","message":"🚀 Server ready at http://localhost:3000","service":"user-service"}
{"level":"error","message":"Mon Apr 01 2024 20:54:06 GMT+0200 (Eastern European Standard Time), in resolvers.js => Comments, Neo4jError: Expected parameter(s): companyId","service":"user-service"}
{"level":"info","message":"🚀 Server ready at http://localhost:3000","service":"user-service"}
{"level":"info","message":"🚀 Server ready at http://localhost:3000","service":"user-service"}
{"level":"info","message":"🚀 Server ready at http://localhost:3000","service":"user-service"}
{"level":"info","message":"🚀 Server ready at http://localhost:3000","service":"user-service"}
{"level":"info","message":"🚀 Server ready at http://localhost:3000","service":"user-service"}
{"level":"info","message":"🚀 Server ready at http://localhost:3000","service":"user-service"}
{"level":"info","message":"🚀 Server ready at http://localhost:3000","service":"user-service"}
{"level":"error","message":"Mon Apr 01 2024 20:59:52 GMT+0200 (Eastern European Standard Time), in resolvers.js => Project, ReferenceError: record is not defined","service":"user-service"}
{"level":"info","message":"🚀 Server ready at http://localhost:3000","service":"user-service"}
{"level":"info","message":"🚀 Server ready at http://localhost:3000","service":"user-service"}
{"level":"info","message":"🚀 Server ready at http://localhost:3000","service":"user-service"}
{"level":"info","message":"🚀 Server ready at http://localhost:3000","service":"user-service"}
{"level":"info","message":"🚀 Server ready at http://localhost:3000","service":"user-service"}
{"level":"info","message":"🚀 Server ready at http://localhost:3000","service":"user-service"}
